[2026-01-18T15:13:16.553559] Fetching scales for ZH...
[2026-01-18T15:13:17.983016] Exception for ZH: Expecting value: line 1 column 1 (char 0)
[2026-01-18T15:13:18.987092] Fetching scales for BE...
[2026-01-18T15:13:19.386565] Exception for BE: Expecting value: line 1 column 1 (char 0)
[2026-01-18T15:13:20.394191] Fetching scales for LU...
[2026-01-18T15:13:20.733675] Exception for LU: Expecting value: line 1 column 1 (char 0)
[2026-01-18T15:13:21.741007] Fetching scales for UR...
[2026-01-18T15:13:22.188309] Exception for UR: Expecting value: line 1 column 1 (char 0)
[2026-01-18T15:13:23.199790] Fetching scales for SZ...
[2026-01-18T15:13:23.611883] Exception for SZ: Expecting value: line 1 column 1 (char 0)
[2026-01-18T15:13:24.621033] Fetching scales for OW...
[2026-01-18T15:13:25.001467] Exception for OW: Expecting value: line 1 column 1 (char 0)
[2026-01-18T15:13:26.002846] Fetching scales for NW...
[2026-01-18T15:13:26.370755] Exception for NW: Expecting value: line 1 column 1 (char 0)
[2026-01-18T15:13:27.383222] Fetching scales for GL...
[2026-01-18T15:13:27.828809] Exception for GL: Expecting value: line 1 column 1 (char 0)
[2026-01-18T15:13:28.841704] Fetching scales for ZG...
[2026-01-18T15:13:29.230057] Exception for ZG: Expecting value: line 1 column 1 (char 0)
[2026-01-18T15:13:30.236019] Fetching scales for FR...
[2026-01-18T15:13:30.523247] Exception for FR: Expecting value: line 1 column 1 (char 0)
[2026-01-18T15:13:31.525196] Fetching scales for SO...
[2026-01-18T15:13:31.828286] Exception for SO: Expecting value: line 1 column 1 (char 0)
[2026-01-18T15:13:32.844233] Fetching scales for BS...
[2026-01-18T15:13:33.222469] Exception for BS: Expecting value: line 1 column 1 (char 0)
[2026-01-18T15:13:34.224733] Fetching scales for BL...
[2026-01-18T15:13:34.644937] Exception for BL: Expecting value: line 1 column 1 (char 0)
[2026-01-18T15:13:35.658739] Fetching scales for SH...
[2026-01-18T15:13:36.083653] Exception for SH: Expecting value: line 1 column 1 (char 0)
[2026-01-18T15:13:37.093969] Fetching scales for AR...
[2026-01-18T15:13:37.531839] Exception for AR: Expecting value: line 1 column 1 (char 0)
[2026-01-18T15:13:38.538908] Fetching scales for AI...
[2026-01-18T15:13:38.946166] Exception for AI: Expecting value: line 1 column 1 (char 0)
[2026-01-18T15:13:39.953994] Fetching scales for SG...
[2026-01-18T15:13:40.311315] Exception for SG: Expecting value: line 1 column 1 (char 0)
[2026-01-18T15:13:41.318867] Fetching scales for GR...
[2026-01-18T15:13:41.755119] Exception for GR: Expecting value: line 1 column 1 (char 0)
[2026-01-18T15:13:42.759038] Fetching scales for AG...
[2026-01-18T15:13:43.116085] Exception for AG: Expecting value: line 1 column 1 (char 0)
[2026-01-18T15:13:44.120715] Fetching scales for TG...
[2026-01-18T15:13:44.493144] Exception for TG: Expecting value: line 1 column 1 (char 0)
[2026-01-18T15:13:45.504087] Fetching scales for TI...
[2026-01-18T15:13:46.734105] Exception for TI: Expecting value: line 1 column 1 (char 0)
[2026-01-18T15:13:47.745983] Fetching scales for VD...
[2026-01-18T15:13:48.135706] Exception for VD: Expecting value: line 1 column 1 (char 0)
[2026-01-18T15:13:49.141479] Fetching scales for VS...
[2026-01-18T15:13:49.522246] Exception for VS: Expecting value: line 1 column 1 (char 0)
[2026-01-18T15:13:50.523814] Fetching scales for NE...
[2026-01-18T15:13:50.933872] Exception for NE: Expecting value: line 1 column 1 (char 0)
[2026-01-18T15:13:51.942955] Fetching scales for GE...
[2026-01-18T15:13:52.361329] Exception for GE: Expecting value: line 1 column 1 (char 0)
[2026-01-18T15:13:53.366308] Fetching scales for JU...
[2026-01-18T15:13:53.743172] Exception for JU: Expecting value: line 1 column 1 (char 0)
